This is LuaHBTeX, Version 1.16.1 (MiKTeX 23.4) (format=lualatex 2023.9.26)  27 SEP 2023 15:30
 restricted system commands enabled.
**manuscript.tex
(./manuscript.tex
LaTeX2e <2022-11-01> patch level 1
Lua module: luaotfload 2022-10-03 3.23 Lua based OpenType font support
Lua module: lualibs 2022-10-04 2.75 ConTeXt Lua standard libraries.
Lua module: lualibs-extended 2022-10-04 2.75 ConTeXt Lua libraries -- extended c
ollection.
luaotfload | conf : Root cache directory is "C:/Users/ggungor/AppData/Local/MiKT
eX/luatex-cache/generic/names".
luaotfload | init : Loading fontloader "fontloader-2022-10-03.lua" from kpse-res
olved path "D:/GÖRKEM_YEDEK/PROGRAMLAR/LATEX/MiKTeX/tex/luatex/luaotfload/fontl
oader-2022-10-03.lua".
Lua-only attribute luaotfload@noligature = 1
luaotfload | init : Context OpenType loader version 3.120
Inserting `luaotfload.node_processor' in `pre_linebreak_filter'.
Inserting `luaotfload.node_processor' in `hpack_filter'.
Inserting `luaotfload.glyph_stream' in `glyph_stream_provider'.
Inserting `luaotfload.define_font' in `define_font'.
Lua-only attribute luaotfload_color_attribute = 2
luaotfload | conf : Root cache directory is "C:/Users/ggungor/AppData/Local/MiKT
eX/luatex-cache/generic/names".
Inserting `luaotfload.harf.strip_prefix' in `find_opentype_file'.
Inserting `luaotfload.harf.strip_prefix' in `find_truetype_file'.
Removing  `luaotfload.glyph_stream' from `glyph_stream_provider'.
Inserting `luaotfload.harf.glyphstream' in `glyph_stream_provider'.
Inserting `luaotfload.harf.finalize_vlist' in `post_linebreak_filter'.
Inserting `luaotfload.harf.finalize_hlist' in `hpack_filter'.
Inserting `luaotfload.cleanup_files' in `wrapup_run'.
Inserting `luaotfload.harf.finalize_unicode' in `finish_pdffile'.
Inserting `luaotfload.glyphinfo' in `glyph_info'.
Lua-only attribute luaotfload.letterspace_done = 3
Inserting `luaotfload.aux.set_sscale_dimens' in `luaotfload.patch_font'.
Inserting `luaotfload.aux.set_font_index' in `luaotfload.patch_font'.
Inserting `luaotfload.aux.patch_cambria_domh' in `luaotfload.patch_font'.
Inserting `luaotfload.aux.fixup_fontdata' in `luaotfload.patch_font_unsafe'.
Inserting `luaotfload.aux.set_capheight' in `luaotfload.patch_font'.
Inserting `luaotfload.aux.set_xheight' in `luaotfload.patch_font'.
Inserting `luaotfload.rewrite_fontname' in `luaotfload.patch_font'. L3 programm
ing layer <2023-03-30>
Inserting `tracingstacklevels' in `input_level_string'. (./a0poster.cls
Document Class: a0poster 1997/05/07 v1.21b a0poster class (GK, MW)
(D:/GÖRKEM_YEDEK/PROGRAMLAR/LATEX/MiKTeX/tex/latex/base/article.cls
Document Class: article 2022/07/02 v1.4n Standard LaTeX document class
(D:/GÖRKEM_YEDEK/PROGRAMLAR/LATEX/MiKTeX/tex/latex/base/size10.clo
File: size10.clo 2022/07/02 v1.4n Standard LaTeX file (size option)
luaotfload | db : Font names database loaded from C:/Users/ggungor/AppData/Local
/MiKTeX/luatex-cache/generic/names/luaotfload-names.luc.gz)
\c@part=\count183
\c@section=\count184
\c@subsection=\count185
\c@subsubsection=\count186
\c@paragraph=\count187
\c@subparagraph=\count188
\c@figure=\count189
\c@table=\count190
\abovecaptionskip=\skip48
\belowcaptionskip=\skip49
\bibindent=\dimen139
)
\xkoord=\count191
\ykoord=\count192
\xscale=\count193
\yscale=\count194
\tausch=\dimen140

(./a0size.sty
File: a0size.sty 1997/05/06 v1.21b a0poster class (GK, MW)
LaTeX Font Info:    Redeclaring symbol font `largesymbols' on input line 218.
LaTeX Font Info:    Overwriting symbol font `largesymbols' in version `normal'
(Font)                  OMX/cmex/m/n --> OMX/cmex/m/n on input line 218.
LaTeX Font Info:    Overwriting symbol font `largesymbols' in version `bold'
(Font)                  OMX/cmex/m/n --> OMX/cmex/m/n on input line 218.
\big@size=\dimen141
))
(D:/GÖRKEM_YEDEK/PROGRAMLAR/LATEX/MiKTeX/tex/latex/hyperref/hyperref.sty
Package: hyperref 2023-02-07 v7.00v Hypertext links for LaTeX

(D:/GÖRKEM_YEDEK/PROGRAMLAR/LATEX/MiKTeX/tex/generic/ltxcmds/ltxcmds.sty
Package: ltxcmds 2020-05-10 v1.25 LaTeX kernel commands for general use (HO)
)
(D:/GÖRKEM_YEDEK/PROGRAMLAR/LATEX/MiKTeX/tex/generic/iftex/iftex.sty
Package: iftex 2022/02/03 v1.0f TeX engine tests
)
(D:/GÖRKEM_YEDEK/PROGRAMLAR/LATEX/MiKTeX/tex/generic/pdftexcmds/pdftexcmds.sty
Package: pdftexcmds 2020-06-27 v0.33 Utility functions of pdfTeX for LuaTeX (HO
)
(D:/GÖRKEM_YEDEK/PROGRAMLAR/LATEX/MiKTeX/tex/generic/infwarerr/infwarerr.sty
Package: infwarerr 2019/12/03 v1.5 Providing info/warning/error messages (HO)
)
Package pdftexcmds Info: \pdf@primitive is available.
Package pdftexcmds Info: \pdf@ifprimitive is available.
Package pdftexcmds Info: \pdfdraftmode found.
\pdftexcmds@toks=\toks16
) (D:/GÖRKEM_YEDEK/PROGRAMLAR/LATEX/MiKTeX/tex/latex/graphics/keyval.sty
Package: keyval 2022/05/29 v1.15 key=value parser (DPC)
\KV@toks@=\toks17
)
(D:/GÖRKEM_YEDEK/PROGRAMLAR/LATEX/MiKTeX/tex/latex/kvsetkeys/kvsetkeys.sty
Package: kvsetkeys 2022-10-05 v1.19 Key value parser (HO)
)
(D:/GÖRKEM_YEDEK/PROGRAMLAR/LATEX/MiKTeX/tex/generic/kvdefinekeys/kvdefinekeys
.sty
Package: kvdefinekeys 2019-12-19 v1.6 Define keys (HO)
)
(D:/GÖRKEM_YEDEK/PROGRAMLAR/LATEX/MiKTeX/tex/generic/pdfescape/pdfescape.sty
Package: pdfescape 2019/12/09 v1.15 Implements pdfTeX's escape features (HO)
)
(D:/GÖRKEM_YEDEK/PROGRAMLAR/LATEX/MiKTeX/tex/latex/hycolor/hycolor.sty
Package: hycolor 2020-01-27 v1.10 Color options for hyperref/bookmark (HO)
)
(D:/GÖRKEM_YEDEK/PROGRAMLAR/LATEX/MiKTeX/tex/latex/letltxmacro/letltxmacro.sty
Package: letltxmacro 2019/12/03 v1.6 Let assignment for LaTeX macros (HO)
) (D:/GÖRKEM_YEDEK/PROGRAMLAR/LATEX/MiKTeX/tex/latex/auxhook/auxhook.sty
Package: auxhook 2019-12-17 v1.6 Hooks for auxiliary files (HO)
)
(D:/GÖRKEM_YEDEK/PROGRAMLAR/LATEX/MiKTeX/tex/latex/hyperref/nameref.sty
Package: nameref 2022-05-17 v2.50 Cross-referencing by name of section

(D:/GÖRKEM_YEDEK/PROGRAMLAR/LATEX/MiKTeX/tex/latex/refcount/refcount.sty
Package: refcount 2019/12/15 v3.6 Data extraction from label references (HO)
)
(D:/GÖRKEM_YEDEK/PROGRAMLAR/LATEX/MiKTeX/tex/generic/gettitlestring/gettitlest
ring.sty
Package: gettitlestring 2019/12/15 v1.6 Cleanup title references (HO)

(D:/GÖRKEM_YEDEK/PROGRAMLAR/LATEX/MiKTeX/tex/latex/kvoptions/kvoptions.sty
Package: kvoptions 2022-06-15 v3.15 Key value format for package options (HO)
))
\c@section@level=\count195
)
\@linkdim=\dimen142
\Hy@linkcounter=\count196
\Hy@pagecounter=\count197

(D:/GÖRKEM_YEDEK/PROGRAMLAR/LATEX/MiKTeX/tex/latex/hyperref/pd1enc.def
File: pd1enc.def 2023-02-07 v7.00v Hyperref: PDFDocEncoding definition (HO)
)
(D:/GÖRKEM_YEDEK/PROGRAMLAR/LATEX/MiKTeX/tex/generic/intcalc/intcalc.sty
Package: intcalc 2019/12/15 v1.3 Expandable calculations with integers (HO)
)
(D:/GÖRKEM_YEDEK/PROGRAMLAR/LATEX/MiKTeX/tex/generic/etexcmds/etexcmds.sty
Package: etexcmds 2019/12/15 v1.7 Avoid name clashes with e-TeX commands (HO)
)
\Hy@SavedSpaceFactor=\count198

(D:/GÖRKEM_YEDEK/PROGRAMLAR/LATEX/MiKTeX/tex/latex/hyperref/puenc.def
File: puenc.def 2023-02-07 v7.00v Hyperref: PDF Unicode definition (HO)
)
Package hyperref Info: Hyper figures OFF on input line 4177.
Package hyperref Info: Link nesting OFF on input line 4182.
Package hyperref Info: Hyper index ON on input line 4185.
Package hyperref Info: Plain pages OFF on input line 4192.
Package hyperref Info: Backreferencing OFF on input line 4197.
Package hyperref Info: Implicit mode ON; LaTeX internals redefined.
Package hyperref Info: Bookmarks ON on input line 4425.
\c@Hy@tempcnt=\count199

(D:/GÖRKEM_YEDEK/PROGRAMLAR/LATEX/MiKTeX/tex/latex/url/url.sty
\Urlmuskip=\muskip16
Package: url 2013/09/16  ver 3.4  Verb mode for urls, etc.
)
LaTeX Info: Redefining \url on input line 4763.
\XeTeXLinkMargin=\dimen143

(D:/GÖRKEM_YEDEK/PROGRAMLAR/LATEX/MiKTeX/tex/generic/bitset/bitset.sty
Package: bitset 2019/12/09 v1.3 Handle bit-vector datatype (HO)

(D:/GÖRKEM_YEDEK/PROGRAMLAR/LATEX/MiKTeX/tex/generic/bigintcalc/bigintcalc.sty
Package: bigintcalc 2019/12/15 v1.5 Expandable calculations on big integers (HO
)
))
\Fld@menulength=\count266
\Field@Width=\dimen144
\Fld@charsize=\dimen145
Package hyperref Info: Hyper figures OFF on input line 6042.
Package hyperref Info: Link nesting OFF on input line 6047.
Package hyperref Info: Hyper index ON on input line 6050.
Package hyperref Info: backreferencing OFF on input line 6057.
Package hyperref Info: Link coloring OFF on input line 6062.
Package hyperref Info: Link coloring with OCG OFF on input line 6067.
Package hyperref Info: PDF/A mode OFF on input line 6072.
 (D:/GÖRKEM_YEDEK/PROGRAMLAR/LATEX/MiKTeX/tex/latex/base/atbegshi-ltx.sty
Package: atbegshi-ltx 2021/01/10 v1.0c Emulation of the original atbegshi
package with kernel methods
)
\Hy@abspage=\count267
\c@Item=\count268
\c@Hfootnote=\count269
)
Package hyperref Info: Driver (autodetected): hluatex.

(D:/GÖRKEM_YEDEK/PROGRAMLAR/LATEX/MiKTeX/tex/latex/hyperref/hluatex.def
File: hluatex.def 2023-02-07 v7.00v Hyperref driver for luaTeX

(D:/GÖRKEM_YEDEK/PROGRAMLAR/LATEX/MiKTeX/tex/generic/stringenc/stringenc.sty
Package: stringenc 2019/11/29 v1.12 Convert strings between diff. encodings (HO
)
)
(D:/GÖRKEM_YEDEK/PROGRAMLAR/LATEX/MiKTeX/tex/latex/base/atveryend-ltx.sty
Package: atveryend-ltx 2020/08/19 v1.0a Emulation of the original atveryend pac
kage
with kernel methods
)
\Fld@listcount=\count270
\c@bookmark@seq@number=\count271

(D:/GÖRKEM_YEDEK/PROGRAMLAR/LATEX/MiKTeX/tex/latex/rerunfilecheck/rerunfileche
ck.sty
Package: rerunfilecheck 2022-07-10 v1.10 Rerun checks for auxiliary files (HO)

(D:/GÖRKEM_YEDEK/PROGRAMLAR/LATEX/MiKTeX/tex/generic/uniquecounter/uniquecount
er.sty
Package: uniquecounter 2019/12/15 v1.4 Provide unlimited unique counter (HO)
)
Package uniquecounter Info: New unique counter `rerunfilecheck' on input line 2
85.
)
\Hy@SectionHShift=\skip50
)
(D:/GÖRKEM_YEDEK/PROGRAMLAR/LATEX/MiKTeX/tex/latex/geometry/geometry.sty
Package: geometry 2020/01/02 v5.9 Page Geometry

(D:/GÖRKEM_YEDEK/PROGRAMLAR/LATEX/MiKTeX/tex/generic/iftex/ifvtex.sty
Package: ifvtex 2019/10/25 v1.7 ifvtex legacy package. Use iftex instead.
)
\Gm@cnth=\count272
\Gm@cntv=\count273
\c@Gm@tempcnt=\count274
\Gm@bindingoffset=\dimen146
\Gm@wd@mp=\dimen147
\Gm@odd@mp=\dimen148
\Gm@even@mp=\dimen149
\Gm@layoutwidth=\dimen150
\Gm@layoutheight=\dimen151
\Gm@layouthoffset=\dimen152
\Gm@layoutvoffset=\dimen153
\Gm@dimlist=\toks18

(D:/GÖRKEM_YEDEK/PROGRAMLAR/LATEX/MiKTeX/tex/latex/geometry/geometry.cfg))
(D:/GÖRKEM_YEDEK/PROGRAMLAR/LATEX/MiKTeX/tex/latex/tools/multicol.sty
Package: multicol 2021/11/30 v1.9d multicolumn formatting (FMi)
\c@tracingmulticols=\count275
\mult@box=\box51
\multicol@leftmargin=\dimen154
\c@unbalance=\count276
\c@collectmore=\count277
\doublecol@number=\count278
\multicoltolerance=\count279
\multicolpretolerance=\count280
\full@width=\dimen155
\page@free=\dimen156
\premulticols=\dimen157
\postmulticols=\dimen158
\multicolsep=\skip51
\multicolbaselineskip=\skip52
\partial@page=\box52
\last@line=\box53
\maxbalancingoverflow=\dimen159
\mult@rightbox=\box54
\mult@grightbox=\box55
\mult@firstbox=\box56
\mult@gfirstbox=\box57
\@tempa=\box58
\@tempa=\box59
\@tempa=\box60
\@tempa=\box61
\@tempa=\box62
\@tempa=\box63
\@tempa=\box64
\@tempa=\box65
\@tempa=\box66
\@tempa=\box67
\@tempa=\box68
\@tempa=\box69
\@tempa=\box70
\@tempa=\box71
\@tempa=\box72
\@tempa=\box73
\@tempa=\box74
\@tempa=\box75
\@tempa=\box76
\@tempa=\box77
\@tempa=\box78
\@tempa=\box79
\@tempa=\box80
\@tempa=\box81
\@tempa=\box82
\@tempa=\box83
\@tempa=\box84
\@tempa=\box85
\@tempa=\box86
\@tempa=\box87
\@tempa=\box88
\@tempa=\box89
\@tempa=\box90
\@tempa=\box91
\@tempa=\box92
\@tempa=\box93
\c@minrows=\count281
\c@columnbadness=\count282
\c@finalcolumnbadness=\count283
\last@try=\dimen160
\multicolovershoot=\dimen161
\multicolundershoot=\dimen162
\mult@nat@firstbox=\box94
\colbreak@box=\box95
\mc@col@check@num=\count284
)
(D:/GÖRKEM_YEDEK/PROGRAMLAR/LATEX/MiKTeX/tex/latex/xcolor/xcolor.sty
Package: xcolor 2022/06/12 v2.14 LaTeX color extensions (UK)

(D:/GÖRKEM_YEDEK/PROGRAMLAR/LATEX/MiKTeX/tex/latex/graphics-cfg/color.cfg
File: color.cfg 2016/01/02 v1.6 sample color configuration
)
Package xcolor Info: Driver file: luatex.def on input line 227.

(D:/GÖRKEM_YEDEK/PROGRAMLAR/LATEX/MiKTeX/tex/latex/graphics-def/luatex.def
File: luatex.def 2022/09/22 v1.2d Graphics/color driver for luatex
)
(D:/GÖRKEM_YEDEK/PROGRAMLAR/LATEX/MiKTeX/tex/latex/graphics/mathcolor.ltx)
Package xcolor Info: Model `cmy' substituted by `cmy0' on input line 1353.
Package xcolor Info: Model `hsb' substituted by `rgb' on input line 1357.
Package xcolor Info: Model `RGB' extended on input line 1369.
Package xcolor Info: Model `HTML' substituted by `rgb' on input line 1371.
Package xcolor Info: Model `Hsb' substituted by `hsb' on input line 1372.
Package xcolor Info: Model `tHsb' substituted by `hsb' on input line 1373.
Package xcolor Info: Model `HSB' substituted by `hsb' on input line 1374.
Package xcolor Info: Model `Gray' substituted by `gray' on input line 1375.
Package xcolor Info: Model `wave' substituted by `hsb' on input line 1376.

(D:/GÖRKEM_YEDEK/PROGRAMLAR/LATEX/MiKTeX/tex/latex/xcolor/svgnam.def
File: svgnam.def 2022/06/12 v2.14 Predefined colors according to SVG 1.1 (UK)
))
(D:/GÖRKEM_YEDEK/PROGRAMLAR/LATEX/MiKTeX/tex/latex/base/ifthen.sty
Package: ifthen 2022/04/13 v1.1d Standard LaTeX ifthen package (DPC)
)
(D:/GÖRKEM_YEDEK/PROGRAMLAR/LATEX/MiKTeX/tex/latex/graphics/graphicx.sty
Package: graphicx 2021/09/16 v1.2d Enhanced LaTeX Graphics (DPC,SPQR)

(D:/GÖRKEM_YEDEK/PROGRAMLAR/LATEX/MiKTeX/tex/latex/graphics/graphics.sty
Package: graphics 2022/03/10 v1.4e Standard LaTeX Graphics (DPC,SPQR)

(D:/GÖRKEM_YEDEK/PROGRAMLAR/LATEX/MiKTeX/tex/latex/graphics/trig.sty
Package: trig 2021/08/11 v1.11 sin cos tan (DPC)
)
(D:/GÖRKEM_YEDEK/PROGRAMLAR/LATEX/MiKTeX/tex/latex/graphics-cfg/graphics.cfg
File: graphics.cfg 2016/06/04 v1.11 sample graphics configuration
)
Package graphics Info: Driver file: luatex.def on input line 107.
)
\Gin@req@height=\dimen163
\Gin@req@width=\dimen164
) (D:/GÖRKEM_YEDEK/PROGRAMLAR/LATEX/MiKTeX/tex/latex/mwe/mwe.sty
Package: mwe 2018/03/30 v0.5 Package to support minimal working examples (MWE)

(D:/GÖRKEM_YEDEK/PROGRAMLAR/LATEX/MiKTeX/tex/latex/lipsum/lipsum.sty
(D:/GÖRKEM_YEDEK/PROGRAMLAR/LATEX/MiKTeX/tex/latex/l3packages/l3keys2e/l3keys2
e.sty (D:/GÖRKEM_YEDEK/PROGRAMLAR/LATEX/MiKTeX/tex/latex/l3kernel/expl3.sty
Package: expl3 2023-03-30 L3 programming layer (loader) 

(D:/GÖRKEM_YEDEK/PROGRAMLAR/LATEX/MiKTeX/tex/latex/l3backend/l3backend-luatex.
def
File: l3backend-luatex.def 2023-03-30 L3 backend support: PDF output (LuaTeX)
\l__color_backend_stack_int=\count285
Inserting `l3color' in `luaotfload.parse_color'.
\l__pdf_internal_box=\box96
))
Package: l3keys2e 2023-02-02 LaTeX2e option processing using LaTeX3 keys
)
Package: lipsum 2021-09-20 v2.7 150 paragraphs of Lorem Ipsum dummy text
\g__lipsum_par_int=\count286
\l__lipsum_a_int=\count287
\l__lipsum_b_int=\count288

(D:/GÖRKEM_YEDEK/PROGRAMLAR/LATEX/MiKTeX/tex/latex/lipsum/lipsum.ltd.tex))
(D:/GÖRKEM_YEDEK/PROGRAMLAR/LATEX/MiKTeX/tex/latex/blindtext/blindtext.sty
Package: blindtext 2012/01/06 V2.0 blindtext-Package

(D:/GÖRKEM_YEDEK/PROGRAMLAR/LATEX/MiKTeX/tex/latex/tools/xspace.sty
Package: xspace 2014/10/28 v1.13 Space after command names (DPC,MH)
)
\c@blindtext=\count289
\c@Blindtext=\count290
\c@blind@countparstart=\count291
\blind@countxx=\count292
\blindtext@numBlindtext=\count293
\blind@countyy=\count294
\c@blindlist=\count295
\c@blindlistlevel=\count296
\c@blindlist@level=\count297
\blind@listitem=\count298
\c@blind@listcount=\count299
\c@blind@levelcount=\count300
\blind@mathformula=\count301
\blind@Mathformula=\count302
\c@blind@randomcount=\count303
\c@blind@randommax=\count304
\c@blind@pangramcount=\count305
\c@blind@pangrammax=\count306
))
(D:/GÖRKEM_YEDEK/PROGRAMLAR/LATEX/MiKTeX/tex/latex/pgf/frontendlayer/tikz.sty
(D:/GÖRKEM_YEDEK/PROGRAMLAR/LATEX/MiKTeX/tex/latex/pgf/basiclayer/pgf.sty
(D:/GÖRKEM_YEDEK/PROGRAMLAR/LATEX/MiKTeX/tex/latex/pgf/utilities/pgfrcs.sty
(D:/GÖRKEM_YEDEK/PROGRAMLAR/LATEX/MiKTeX/tex/generic/pgf/utilities/pgfutil-com
mon.tex
\pgfutil@everybye=\toks19
\pgfutil@tempdima=\dimen165
\pgfutil@tempdimb=\dimen166
)
(D:/GÖRKEM_YEDEK/PROGRAMLAR/LATEX/MiKTeX/tex/generic/pgf/utilities/pgfutil-lat
ex.def
\pgfutil@abb=\box97
)
(D:/GÖRKEM_YEDEK/PROGRAMLAR/LATEX/MiKTeX/tex/generic/pgf/utilities/pgfrcs.code
.tex (D:/GÖRKEM_YEDEK/PROGRAMLAR/LATEX/MiKTeX/tex/generic/pgf/pgf.revision.tex
)
Package: pgfrcs 2023-01-15 v3.1.10 (3.1.10)
))
Package: pgf 2023-01-15 v3.1.10 (3.1.10)

(D:/GÖRKEM_YEDEK/PROGRAMLAR/LATEX/MiKTeX/tex/latex/pgf/basiclayer/pgfcore.sty
(D:/GÖRKEM_YEDEK/PROGRAMLAR/LATEX/MiKTeX/tex/latex/pgf/systemlayer/pgfsys.sty
(D:/GÖRKEM_YEDEK/PROGRAMLAR/LATEX/MiKTeX/tex/generic/pgf/systemlayer/pgfsys.co
de.tex
Package: pgfsys 2023-01-15 v3.1.10 (3.1.10)

(D:/GÖRKEM_YEDEK/PROGRAMLAR/LATEX/MiKTeX/tex/generic/pgf/utilities/pgfkeys.cod
e.tex
\pgfkeys@pathtoks=\toks20
\pgfkeys@temptoks=\toks21

(D:/GÖRKEM_YEDEK/PROGRAMLAR/LATEX/MiKTeX/tex/generic/pgf/utilities/pgfkeyslibr
aryfiltered.code.tex
\pgfkeys@tmptoks=\toks22
))
\pgf@x=\dimen167
\pgf@y=\dimen168
\pgf@xa=\dimen169
\pgf@ya=\dimen170
\pgf@xb=\dimen171
\pgf@yb=\dimen172
\pgf@xc=\dimen173
\pgf@yc=\dimen174
\pgf@xd=\dimen175
\pgf@yd=\dimen176
\w@pgf@writea=\write3
\r@pgf@reada=\read2
\c@pgf@counta=\count307
\c@pgf@countb=\count308
\c@pgf@countc=\count309
\c@pgf@countd=\count310
\t@pgf@toka=\toks23
\t@pgf@tokb=\toks24
\t@pgf@tokc=\toks25
\pgf@sys@id@count=\count311

(D:/GÖRKEM_YEDEK/PROGRAMLAR/LATEX/MiKTeX/tex/generic/pgf/systemlayer/pgf.cfg
File: pgf.cfg 2023-01-15 v3.1.10 (3.1.10)
)
Driver file for pgf: pgfsys-luatex.def

(D:/GÖRKEM_YEDEK/PROGRAMLAR/LATEX/MiKTeX/tex/generic/pgf/systemlayer/pgfsys-lu
atex.def
File: pgfsys-luatex.def 2023-01-15 v3.1.10 (3.1.10)

(D:/GÖRKEM_YEDEK/PROGRAMLAR/LATEX/MiKTeX/tex/generic/pgf/systemlayer/pgfsys-co
mmon-pdf.def
File: pgfsys-common-pdf.def 2023-01-15 v3.1.10 (3.1.10)
)))
(D:/GÖRKEM_YEDEK/PROGRAMLAR/LATEX/MiKTeX/tex/generic/pgf/systemlayer/pgfsyssof
tpath.code.tex
File: pgfsyssoftpath.code.tex 2023-01-15 v3.1.10 (3.1.10)
\pgfsyssoftpath@smallbuffer@items=\count312
\pgfsyssoftpath@bigbuffer@items=\count313
)
(D:/GÖRKEM_YEDEK/PROGRAMLAR/LATEX/MiKTeX/tex/generic/pgf/systemlayer/pgfsyspro
tocol.code.tex
File: pgfsysprotocol.code.tex 2023-01-15 v3.1.10 (3.1.10)
))
(D:/GÖRKEM_YEDEK/PROGRAMLAR/LATEX/MiKTeX/tex/generic/pgf/basiclayer/pgfcore.co
de.tex
Package: pgfcore 2023-01-15 v3.1.10 (3.1.10)

(D:/GÖRKEM_YEDEK/PROGRAMLAR/LATEX/MiKTeX/tex/generic/pgf/math/pgfmath.code.tex

(D:/GÖRKEM_YEDEK/PROGRAMLAR/LATEX/MiKTeX/tex/generic/pgf/math/pgfmathutil.code
.tex)
(D:/GÖRKEM_YEDEK/PROGRAMLAR/LATEX/MiKTeX/tex/generic/pgf/math/pgfmathparser.co
de.tex
\pgfmath@dimen=\dimen177
\pgfmath@count=\count314
\pgfmath@box=\box98
\pgfmath@toks=\toks26
\pgfmath@stack@operand=\toks27
\pgfmath@stack@operation=\toks28
)
(D:/GÖRKEM_YEDEK/PROGRAMLAR/LATEX/MiKTeX/tex/generic/pgf/math/pgfmathfunctions
.code.tex)
(D:/GÖRKEM_YEDEK/PROGRAMLAR/LATEX/MiKTeX/tex/generic/pgf/math/pgfmathfunctions
.basic.code.tex)
(D:/GÖRKEM_YEDEK/PROGRAMLAR/LATEX/MiKTeX/tex/generic/pgf/math/pgfmathfunctions
.trigonometric.code.tex)
(D:/GÖRKEM_YEDEK/PROGRAMLAR/LATEX/MiKTeX/tex/generic/pgf/math/pgfmathfunctions
.random.code.tex)
(D:/GÖRKEM_YEDEK/PROGRAMLAR/LATEX/MiKTeX/tex/generic/pgf/math/pgfmathfunctions
.comparison.code.tex)
(D:/GÖRKEM_YEDEK/PROGRAMLAR/LATEX/MiKTeX/tex/generic/pgf/math/pgfmathfunctions
.base.code.tex)
(D:/GÖRKEM_YEDEK/PROGRAMLAR/LATEX/MiKTeX/tex/generic/pgf/math/pgfmathfunctions
.round.code.tex)
(D:/GÖRKEM_YEDEK/PROGRAMLAR/LATEX/MiKTeX/tex/generic/pgf/math/pgfmathfunctions
.misc.code.tex)
(D:/GÖRKEM_YEDEK/PROGRAMLAR/LATEX/MiKTeX/tex/generic/pgf/math/pgfmathfunctions
.integerarithmetics.code.tex)
(D:/GÖRKEM_YEDEK/PROGRAMLAR/LATEX/MiKTeX/tex/generic/pgf/math/pgfmathcalc.code
.tex)
(D:/GÖRKEM_YEDEK/PROGRAMLAR/LATEX/MiKTeX/tex/generic/pgf/math/pgfmathfloat.cod
e.tex
\c@pgfmathroundto@lastzeros=\count315
))
(D:/GÖRKEM_YEDEK/PROGRAMLAR/LATEX/MiKTeX/tex/generic/pgf/math/pgfint.code.tex)
(D:/GÖRKEM_YEDEK/PROGRAMLAR/LATEX/MiKTeX/tex/generic/pgf/basiclayer/pgfcorepoi
nts.code.tex
File: pgfcorepoints.code.tex 2023-01-15 v3.1.10 (3.1.10)
\pgf@picminx=\dimen178
\pgf@picmaxx=\dimen179
\pgf@picminy=\dimen180
\pgf@picmaxy=\dimen181
\pgf@pathminx=\dimen182
\pgf@pathmaxx=\dimen183
\pgf@pathminy=\dimen184
\pgf@pathmaxy=\dimen185
\pgf@xx=\dimen186
\pgf@xy=\dimen187
\pgf@yx=\dimen188
\pgf@yy=\dimen189
\pgf@zx=\dimen190
\pgf@zy=\dimen191
)
(D:/GÖRKEM_YEDEK/PROGRAMLAR/LATEX/MiKTeX/tex/generic/pgf/basiclayer/pgfcorepat
hconstruct.code.tex
File: pgfcorepathconstruct.code.tex 2023-01-15 v3.1.10 (3.1.10)
\pgf@path@lastx=\dimen192
\pgf@path@lasty=\dimen193
)
(D:/GÖRKEM_YEDEK/PROGRAMLAR/LATEX/MiKTeX/tex/generic/pgf/basiclayer/pgfcorepat
husage.code.tex
File: pgfcorepathusage.code.tex 2023-01-15 v3.1.10 (3.1.10)
\pgf@shorten@end@additional=\dimen194
\pgf@shorten@start@additional=\dimen195
)
(D:/GÖRKEM_YEDEK/PROGRAMLAR/LATEX/MiKTeX/tex/generic/pgf/basiclayer/pgfcoresco
pes.code.tex
File: pgfcorescopes.code.tex 2023-01-15 v3.1.10 (3.1.10)
\pgfpic=\box99
\pgf@hbox=\box100
\pgf@layerbox@main=\box101
\pgf@picture@serial@count=\count316
)
(D:/GÖRKEM_YEDEK/PROGRAMLAR/LATEX/MiKTeX/tex/generic/pgf/basiclayer/pgfcoregra
phicstate.code.tex
File: pgfcoregraphicstate.code.tex 2023-01-15 v3.1.10 (3.1.10)
\pgflinewidth=\dimen196
)
(D:/GÖRKEM_YEDEK/PROGRAMLAR/LATEX/MiKTeX/tex/generic/pgf/basiclayer/pgfcoretra
nsformations.code.tex
File: pgfcoretransformations.code.tex 2023-01-15 v3.1.10 (3.1.10)
\pgf@pt@x=\dimen197
\pgf@pt@y=\dimen198
\pgf@pt@temp=\dimen199
)
(D:/GÖRKEM_YEDEK/PROGRAMLAR/LATEX/MiKTeX/tex/generic/pgf/basiclayer/pgfcorequi
ck.code.tex
File: pgfcorequick.code.tex 2023-01-15 v3.1.10 (3.1.10)
)
(D:/GÖRKEM_YEDEK/PROGRAMLAR/LATEX/MiKTeX/tex/generic/pgf/basiclayer/pgfcoreobj
ects.code.tex
File: pgfcoreobjects.code.tex 2023-01-15 v3.1.10 (3.1.10)
)
(D:/GÖRKEM_YEDEK/PROGRAMLAR/LATEX/MiKTeX/tex/generic/pgf/basiclayer/pgfcorepat
hprocessing.code.tex
File: pgfcorepathprocessing.code.tex 2023-01-15 v3.1.10 (3.1.10)
)
(D:/GÖRKEM_YEDEK/PROGRAMLAR/LATEX/MiKTeX/tex/generic/pgf/basiclayer/pgfcorearr
ows.code.tex
File: pgfcorearrows.code.tex 2023-01-15 v3.1.10 (3.1.10)
\pgfarrowsep=\dimen256
)
(D:/GÖRKEM_YEDEK/PROGRAMLAR/LATEX/MiKTeX/tex/generic/pgf/basiclayer/pgfcoresha
de.code.tex
File: pgfcoreshade.code.tex 2023-01-15 v3.1.10 (3.1.10)
\pgf@max=\dimen257
\pgf@sys@shading@range@num=\count317
\pgf@shadingcount=\count318
)
(D:/GÖRKEM_YEDEK/PROGRAMLAR/LATEX/MiKTeX/tex/generic/pgf/basiclayer/pgfcoreima
ge.code.tex
File: pgfcoreimage.code.tex 2023-01-15 v3.1.10 (3.1.10)
)
(D:/GÖRKEM_YEDEK/PROGRAMLAR/LATEX/MiKTeX/tex/generic/pgf/basiclayer/pgfcoreext
ernal.code.tex
File: pgfcoreexternal.code.tex 2023-01-15 v3.1.10 (3.1.10)
\pgfexternal@startupbox=\box102
)
(D:/GÖRKEM_YEDEK/PROGRAMLAR/LATEX/MiKTeX/tex/generic/pgf/basiclayer/pgfcorelay
ers.code.tex
File: pgfcorelayers.code.tex 2023-01-15 v3.1.10 (3.1.10)
)
(D:/GÖRKEM_YEDEK/PROGRAMLAR/LATEX/MiKTeX/tex/generic/pgf/basiclayer/pgfcoretra
nsparency.code.tex
File: pgfcoretransparency.code.tex 2023-01-15 v3.1.10 (3.1.10)
)
(D:/GÖRKEM_YEDEK/PROGRAMLAR/LATEX/MiKTeX/tex/generic/pgf/basiclayer/pgfcorepat
terns.code.tex
File: pgfcorepatterns.code.tex 2023-01-15 v3.1.10 (3.1.10)
)
(D:/GÖRKEM_YEDEK/PROGRAMLAR/LATEX/MiKTeX/tex/generic/pgf/basiclayer/pgfcorerdf
.code.tex
File: pgfcorerdf.code.tex 2023-01-15 v3.1.10 (3.1.10)
)))
(D:/GÖRKEM_YEDEK/PROGRAMLAR/LATEX/MiKTeX/tex/generic/pgf/modules/pgfmoduleshap
es.code.tex
File: pgfmoduleshapes.code.tex 2023-01-15 v3.1.10 (3.1.10)
\pgfnodeparttextbox=\box103
)
(D:/GÖRKEM_YEDEK/PROGRAMLAR/LATEX/MiKTeX/tex/generic/pgf/modules/pgfmoduleplot
.code.tex
File: pgfmoduleplot.code.tex 2023-01-15 v3.1.10 (3.1.10)
)
(D:/GÖRKEM_YEDEK/PROGRAMLAR/LATEX/MiKTeX/tex/latex/pgf/compatibility/pgfcomp-v
ersion-0-65.sty
Package: pgfcomp-version-0-65 2023-01-15 v3.1.10 (3.1.10)
\pgf@nodesepstart=\dimen258
\pgf@nodesepend=\dimen259
)
(D:/GÖRKEM_YEDEK/PROGRAMLAR/LATEX/MiKTeX/tex/latex/pgf/compatibility/pgfcomp-v
ersion-1-18.sty
Package: pgfcomp-version-1-18 2023-01-15 v3.1.10 (3.1.10)
))
(D:/GÖRKEM_YEDEK/PROGRAMLAR/LATEX/MiKTeX/tex/latex/pgf/utilities/pgffor.sty
(D:/GÖRKEM_YEDEK/PROGRAMLAR/LATEX/MiKTeX/tex/latex/pgf/utilities/pgfkeys.sty
(D:/GÖRKEM_YEDEK/PROGRAMLAR/LATEX/MiKTeX/tex/generic/pgf/utilities/pgfkeys.cod
e.tex))
(D:/GÖRKEM_YEDEK/PROGRAMLAR/LATEX/MiKTeX/tex/latex/pgf/math/pgfmath.sty
(D:/GÖRKEM_YEDEK/PROGRAMLAR/LATEX/MiKTeX/tex/generic/pgf/math/pgfmath.code.tex
))
(D:/GÖRKEM_YEDEK/PROGRAMLAR/LATEX/MiKTeX/tex/generic/pgf/utilities/pgffor.code
.tex
Package: pgffor 2023-01-15 v3.1.10 (3.1.10)
\pgffor@iter=\dimen260
\pgffor@skip=\dimen261
\pgffor@stack=\toks29
\pgffor@toks=\toks30
))
(D:/GÖRKEM_YEDEK/PROGRAMLAR/LATEX/MiKTeX/tex/generic/pgf/frontendlayer/tikz/ti
kz.code.tex
Package: tikz 2023-01-15 v3.1.10 (3.1.10)

(D:/GÖRKEM_YEDEK/PROGRAMLAR/LATEX/MiKTeX/tex/generic/pgf/libraries/pgflibraryp
lothandlers.code.tex
File: pgflibraryplothandlers.code.tex 2023-01-15 v3.1.10 (3.1.10)
\pgf@plot@mark@count=\count319
\pgfplotmarksize=\dimen262
)
\tikz@lastx=\dimen263
\tikz@lasty=\dimen264
\tikz@lastxsaved=\dimen265
\tikz@lastysaved=\dimen266
\tikz@lastmovetox=\dimen267
\tikz@lastmovetoy=\dimen268
\tikzleveldistance=\dimen269
\tikzsiblingdistance=\dimen270
\tikz@figbox=\box104
\tikz@figbox@bg=\box105
\tikz@tempbox=\box106
\tikz@tempbox@bg=\box107
\tikztreelevel=\count320
\tikznumberofchildren=\count321
\tikznumberofcurrentchild=\count322
\tikz@fig@count=\count323

(D:/GÖRKEM_YEDEK/PROGRAMLAR/LATEX/MiKTeX/tex/generic/pgf/modules/pgfmodulematr
ix.code.tex
File: pgfmodulematrix.code.tex 2023-01-15 v3.1.10 (3.1.10)
\pgfmatrixcurrentrow=\count324
\pgfmatrixcurrentcolumn=\count325
\pgf@matrix@numberofcolumns=\count326
)
\tikz@expandcount=\count327

(D:/GÖRKEM_YEDEK/PROGRAMLAR/LATEX/MiKTeX/tex/generic/pgf/frontendlayer/tikz/li
braries/tikzlibrarytopaths.code.tex
File: tikzlibrarytopaths.code.tex 2023-01-15 v3.1.10 (3.1.10)
)))
(D:/GÖRKEM_YEDEK/PROGRAMLAR/LATEX/MiKTeX/tex/latex/overpic/overpic.sty
Package: overpic 2020/02/22 1.3 picture overlays (RN)

(D:/GÖRKEM_YEDEK/PROGRAMLAR/LATEX/MiKTeX/tex/latex/eepic/epic.sty
Enhancements to Picture Environment. Version 1.2 - Released June 1, 1986
\@@multicnt=\count328
\d@lta=\count329
\@delta=\dimen271
\@@delta=\dimen272
\@gridcnt=\count330
\@joinkind=\count331
\@dotgap=\dimen273
\@ddotgap=\dimen274
\@x@diff=\count332
\@y@diff=\count333
\x@diff=\dimen275
\y@diff=\dimen276
\@dotbox=\box108
\num@segments=\count334
\num@segmentsi=\count335
\@datafile=\read3
)
\OVP@box=\box109
) (D:/GÖRKEM_YEDEK/PROGRAMLAR/LATEX/MiKTeX/tex/latex/booktabs/booktabs.sty
Package: booktabs 2020/01/12 v1.61803398 Publication quality tables
\heavyrulewidth=\dimen277
\lightrulewidth=\dimen278
\cmidrulewidth=\dimen279
\belowrulesep=\dimen280
\belowbottomsep=\dimen281
\aboverulesep=\dimen282
\abovetopsep=\dimen283
\cmidrulesep=\dimen284
\cmidrulekern=\dimen285
\defaultaddspace=\dimen286
\@cmidla=\count336
\@cmidlb=\count337
\@aboverulesep=\dimen287
\@belowrulesep=\dimen288
\@thisruleclass=\count338
\@lastruleclass=\count339
\@thisrulewidth=\dimen289
)
(D:/GÖRKEM_YEDEK/PROGRAMLAR/LATEX/MiKTeX/tex/latex/caption/caption.sty
Package: caption 2023/07/31 v3.6n Customizing captions (AR)

(D:/GÖRKEM_YEDEK/PROGRAMLAR/LATEX/MiKTeX/tex/latex/caption/caption3.sty
Package: caption3 2023/07/31 v2.4d caption3 kernel (AR)
\caption@tempdima=\dimen290
\captionmargin=\dimen291
\caption@leftmargin=\dimen292
\caption@rightmargin=\dimen293
\caption@width=\dimen294
\caption@indent=\dimen295
\caption@parindent=\dimen296
\caption@hangindent=\dimen297
Package caption Info: Standard document class detected.
)
\c@caption@flags=\count340
\c@continuedfloat=\count341
Package caption Info: hyperref package is loaded.
)
(D:/GÖRKEM_YEDEK/PROGRAMLAR/LATEX/MiKTeX/tex/latex/amsfonts/amsfonts.sty
Package: amsfonts 2013/01/14 v3.01 Basic AMSFonts support
\@emptytoks=\toks31
\symAMSa=\mathgroup4
\symAMSb=\mathgroup5
LaTeX Font Info:    Redeclaring math symbol \hbar on input line 98.
LaTeX Font Info:    Overwriting math alphabet `\mathfrak' in version `bold'
(Font)                  U/euf/m/n --> U/euf/b/n on input line 106.
)
(D:/GÖRKEM_YEDEK/PROGRAMLAR/LATEX/MiKTeX/tex/latex/amsmath/amsmath.sty
Package: amsmath 2022/04/08 v2.17n AMS math features
\@mathmargin=\skip53

For additional information on amsmath, use the `?' option.
(D:/GÖRKEM_YEDEK/PROGRAMLAR/LATEX/MiKTeX/tex/latex/amsmath/amstext.sty
Package: amstext 2021/08/26 v2.01 AMS text

(D:/GÖRKEM_YEDEK/PROGRAMLAR/LATEX/MiKTeX/tex/latex/amsmath/amsgen.sty
File: amsgen.sty 1999/11/30 v2.0 generic functions
\@emptytoks=\toks32
\ex@=\dimen298
))
(D:/GÖRKEM_YEDEK/PROGRAMLAR/LATEX/MiKTeX/tex/latex/amsmath/amsbsy.sty
Package: amsbsy 1999/11/29 v1.2d Bold Symbols
\pmbraise@=\dimen299
)
(D:/GÖRKEM_YEDEK/PROGRAMLAR/LATEX/MiKTeX/tex/latex/amsmath/amsopn.sty
Package: amsopn 2022/04/08 v2.04 operator names
)
\inf@bad=\count342
LaTeX Info: Redefining \frac on input line 236.
\uproot@=\count343
\leftroot@=\count344
LaTeX Info: Redefining \overline on input line 399.
LaTeX Info: Redefining \colon on input line 410.
\classnum@=\count345
\DOTSCASE@=\count346
LaTeX Info: Redefining \ldots on input line 496.
LaTeX Info: Redefining \dots on input line 499.
LaTeX Info: Redefining \cdots on input line 620.
\Mathstrutbox@=\box110
\strutbox@=\box111
LaTeX Info: Redefining \big on input line 722.
LaTeX Info: Redefining \Big on input line 723.
LaTeX Info: Redefining \bigg on input line 724.
LaTeX Info: Redefining \Bigg on input line 725.
\big@size=\dimen300
LaTeX Font Info:    Redeclaring font encoding OML on input line 743.
LaTeX Font Info:    Redeclaring font encoding OMS on input line 744.
\macc@depth=\count347
LaTeX Info: Redefining \bmod on input line 905.
LaTeX Info: Redefining \pmod on input line 910.
LaTeX Info: Redefining \smash on input line 940.
LaTeX Info: Redefining \relbar on input line 970.
LaTeX Info: Redefining \Relbar on input line 971.
\c@MaxMatrixCols=\count348
\dotsspace@=\muskip17
\c@parentequation=\count349
\dspbrk@lvl=\count350
\tag@help=\toks33
\row@=\count351
\column@=\count352
\maxfields@=\count353
\andhelp@=\toks34
\eqnshift@=\dimen301
\alignsep@=\dimen302
\tagshift@=\dimen303
\tagwidth@=\dimen304
\totwidth@=\dimen305
\lineht@=\dimen306
\@envbody=\toks35
\multlinegap=\skip54
\multlinetaggap=\skip55
\mathdisplay@stack=\toks36
LaTeX Info: Redefining \[ on input line 2953.
LaTeX Info: Redefining \] on input line 2954.
)
(D:/GÖRKEM_YEDEK/PROGRAMLAR/LATEX/MiKTeX/tex/latex/amscls/amsthm.sty
Package: amsthm 2020/05/29 v2.20.6
\thm@style=\toks37
\thm@bodyfont=\toks38
\thm@headfont=\toks39
\thm@notefont=\toks40
\thm@headpunct=\toks41
\thm@preskip=\skip56
\thm@postskip=\skip57
\thm@headsep=\skip58
\dth@everypar=\toks42
)
(D:/GÖRKEM_YEDEK/PROGRAMLAR/LATEX/MiKTeX/tex/latex/amsfonts/amssymb.sty
Package: amssymb 2013/01/14 v3.01 AMS font symbols
)
(D:/GÖRKEM_YEDEK/PROGRAMLAR/LATEX/MiKTeX/tex/latex/wrapfig/wrapfig.sty
\wrapoverhang=\dimen307
\WF@size=\dimen308
\c@WF@wrappedlines=\count354
\WF@box=\box112
\WF@everypar=\toks43
Package: wrapfig 2003/01/31  v 3.6
)
(D:/GÖRKEM_YEDEK/PROGRAMLAR/LATEX/MiKTeX/tex/latex/fontspec/fontspec.sty
(D:/GÖRKEM_YEDEK/PROGRAMLAR/LATEX/MiKTeX/tex/latex/l3packages/xparse/xparse.st
y
Package: xparse 2023-02-02 L3 Experimental document command parser
)
Package: fontspec 2022/01/15 v2.8a Font selection for XeLaTeX and LuaLaTeX
Lua module: fontspec 2022/01/15 2.8a Font selection for XeLaTeX and LuaLaTeX
(D:/GÖRKEM_YEDEK/PROGRAMLAR/LATEX/MiKTeX/tex/latex/fontspec/fontspec-luatex.st
y
Package: fontspec-luatex 2022/01/15 v2.8a Font selection for XeLaTeX and LuaLaT
eX
\l__fontspec_script_int=\count355
\l__fontspec_language_int=\count356
\l__fontspec_strnum_int=\count357
\l__fontspec_tmp_int=\count358
\l__fontspec_tmpa_int=\count359
\l__fontspec_tmpb_int=\count360
\l__fontspec_tmpc_int=\count361
\l__fontspec_em_int=\count362
\l__fontspec_emdef_int=\count363
\l__fontspec_strong_int=\count364
\l__fontspec_strongdef_int=\count365
\l__fontspec_tmpa_dim=\dimen309
\l__fontspec_tmpb_dim=\dimen310
\l__fontspec_tmpc_dim=\dimen311
 (D:/GÖRKEM_YEDEK/PROGRAMLAR/LATEX/MiKTeX/tex/latex/base/fontenc.sty
Package: fontenc 2021/04/29 v2.0v Standard LaTeX package
)
(D:/GÖRKEM_YEDEK/PROGRAMLAR/LATEX/MiKTeX/tex/latex/fontspec/fontspec.cfg)))

Package fontspec Info: Font family 'TheSans(0)' created for font 'TheSans'
(fontspec)             with options [Ligatures=TeX,Extension =
(fontspec)             .otf,UprightFont = font/TheSans-LP5Plain,BoldFont =
(fontspec)             font/TheSans-LP7Bld,ItalicFont =
(fontspec)             font/TheSans-LP5PlainIT,BoldItalicFont =
(fontspec)             font/TheSans-LP7BldIT].
(fontspec)              
(fontspec)              This font family consists of the following NFSS
(fontspec)             series/shapes:
(fontspec)              
(fontspec)             - 'normal' (m/n) with NFSS spec.:
(fontspec)             <->"[font/TheSans-LP5Plain.otf]:mode=node;script=latn;la
nguage=dflt;+tlig;"
(fontspec)             - 'small caps'  (m/sc) with NFSS spec.:
(fontspec)             <->"[font/TheSans-LP5Plain.otf]:mode=node;script=latn;la
nguage=dflt;+tlig;+smcp;"
(fontspec)             - 'bold' (b/n) with NFSS spec.:
(fontspec)             <->"[font/TheSans-LP7Bld.otf]:mode=node;script=latn;lang
uage=dflt;+tlig;"
(fontspec)             - 'bold small caps'  (b/sc) with NFSS spec.:
(fontspec)             <->"[font/TheSans-LP7Bld.otf]:mode=node;script=latn;lang
uage=dflt;+tlig;+smcp;"
(fontspec)             - 'italic' (m/it) with NFSS spec.:
(fontspec)             <->"[font/TheSans-LP5PlainIT.otf]:mode=node;script=latn;
language=dflt;+tlig;"
(fontspec)             - 'italic small caps'  (m/scit) with NFSS spec.:
(fontspec)             <->"[font/TheSans-LP5PlainIT.otf]:mode=node;script=latn;
language=dflt;+tlig;+smcp;"
(fontspec)             - 'bold italic' (b/it) with NFSS spec.:
(fontspec)             <->"[font/TheSans-LP7BldIT.otf]:mode=node;script=latn;la
nguage=dflt;+tlig;"
(fontspec)             - 'bold italic small caps'  (b/scit) with NFSS spec.:
(fontspec)             <->"[font/TheSans-LP7BldIT.otf]:mode=node;script=latn;la
nguage=dflt;+tlig;+smcp;"


(D:/GÖRKEM_YEDEK/PROGRAMLAR/LATEX/MiKTeX/tex/latex/setspace/setspace.sty
Package: setspace 2022/12/04 v6.7b set line spacing
)
(D:/GÖRKEM_YEDEK/PROGRAMLAR/LATEX/MiKTeX/tex/latex/tcolorbox/tcolorbox.sty
Package: tcolorbox 2023/03/17 version 6.0.3 text color boxes

(D:/GÖRKEM_YEDEK/PROGRAMLAR/LATEX/MiKTeX/tex/latex/tools/verbatim.sty
Package: verbatim 2022-07-02 v1.5u LaTeX2e package for verbatim enhancements
\every@verbatim=\toks44
\verbatim@line=\toks45
\verbatim@in@stream=\read4
)
(D:/GÖRKEM_YEDEK/PROGRAMLAR/LATEX/MiKTeX/tex/latex/environ/environ.sty
Package: environ 2014/05/04 v0.3 A new way to define environments

(D:/GÖRKEM_YEDEK/PROGRAMLAR/LATEX/MiKTeX/tex/latex/trimspaces/trimspaces.sty
Package: trimspaces 2009/09/17 v1.1 Trim spaces around a token list
)) (D:/GÖRKEM_YEDEK/PROGRAMLAR/LATEX/MiKTeX/tex/latex/etoolbox/etoolbox.sty
Package: etoolbox 2020/10/05 v2.5k e-TeX tools for LaTeX (JAW)
\etb@tempcnta=\count366
)
\tcb@titlebox=\box113
\tcb@upperbox=\box114
\tcb@lowerbox=\box115
\tcb@phantombox=\box116
\c@tcbbreakpart=\count367
\c@tcblayer=\count368
\c@tcolorbox@number=\count369
\tcb@temp=\box117
\tcb@temp=\box118
\tcb@temp=\box119
\tcb@temp=\box120
)
(D:/GÖRKEM_YEDEK/PROGRAMLAR/LATEX/MiKTeX/tex/latex/adjustbox/adjustbox.sty
Package: adjustbox 2022/10/17 v1.3a Adjusting TeX boxes (trim, clip, ...)

(D:/GÖRKEM_YEDEK/PROGRAMLAR/LATEX/MiKTeX/tex/latex/xkeyval/xkeyval.sty
Package: xkeyval 2022/06/16 v2.9 package option processing (HA)

(D:/GÖRKEM_YEDEK/PROGRAMLAR/LATEX/MiKTeX/tex/generic/xkeyval/xkeyval.tex
(D:/GÖRKEM_YEDEK/PROGRAMLAR/LATEX/MiKTeX/tex/generic/xkeyval/xkvutils.tex
\XKV@toks=\toks46
\XKV@tempa@toks=\toks47
)
\XKV@depth=\count370
File: xkeyval.tex 2014/12/03 v2.7a key=value parser (HA)
))
(D:/GÖRKEM_YEDEK/PROGRAMLAR/LATEX/MiKTeX/tex/latex/adjustbox/adjcalc.sty
Package: adjcalc 2012/05/16 v1.1 Provides advanced setlength with multiple back
-ends (calc, etex, pgfmath)
)
(D:/GÖRKEM_YEDEK/PROGRAMLAR/LATEX/MiKTeX/tex/latex/adjustbox/trimclip.sty
Package: trimclip 2020/08/19 v1.2 Trim and clip general TeX material

(D:/GÖRKEM_YEDEK/PROGRAMLAR/LATEX/MiKTeX/tex/latex/collectbox/collectbox.sty
Package: collectbox 2022/10/17 v0.4c Collect macro arguments as boxes
\collectedbox=\box121
)
\tc@llx=\dimen312
\tc@lly=\dimen313
\tc@urx=\dimen314
\tc@ury=\dimen315

(D:/GÖRKEM_YEDEK/PROGRAMLAR/LATEX/MiKTeX/tex/latex/adjustbox/tc-pgf.def
File: tc-pgf.def 2019/01/04 v2.2 trimclip fall-back clipping driver using PGF
)
Package trimclip Info: No clipping driver 'tc-luatex.def' available.
(trimclip)             Using fall-back PGF driver.
)
\adjbox@Width=\dimen316
\adjbox@Height=\dimen317
\adjbox@Depth=\dimen318
\adjbox@Totalheight=\dimen319
\adjbox@pwidth=\dimen320
\adjbox@pheight=\dimen321
\adjbox@pdepth=\dimen322
\adjbox@ptotalheight=\dimen323

(D:/GÖRKEM_YEDEK/PROGRAMLAR/LATEX/MiKTeX/tex/latex/ifoddpage/ifoddpage.sty
Package: ifoddpage 2022/10/18 v1.2 Conditionals for odd/even page detection
\c@checkoddpage=\count371
)
(D:/GÖRKEM_YEDEK/PROGRAMLAR/LATEX/MiKTeX/tex/latex/varwidth/varwidth.sty
Package: varwidth 2009/03/30 ver 0.92;  Variable-width minipages
\@vwid@box=\box122
\sift@deathcycles=\count372
\@vwid@loff=\dimen324
\@vwid@roff=\dimen325
))
(D:/GÖRKEM_YEDEK/PROGRAMLAR/LATEX/MiKTeX/tex/latex/titlesec/titlesec.sty
Package: titlesec 2021/07/05 v2.14 Sectioning titles
\ttl@box=\box123
\beforetitleunit=\skip59
\aftertitleunit=\skip60
\ttl@plus=\dimen326
\ttl@minus=\dimen327
\ttl@toksa=\toks48
\titlewidth=\dimen328
\titlewidthlast=\dimen329
\titlewidthfirst=\dimen330
)
(D:/GÖRKEM_YEDEK/PROGRAMLAR/LATEX/MiKTeX/tex/latex/needspace/needspace.sty
Package: needspace 2010/09/12 v1.3d reserve vertical space
)
(./manuscript.aux)
\openout1 = manuscript.aux

LaTeX Font Info:    Checking defaults for OML/cmm/m/it on input line 80.
LaTeX Font Info:    ... okay on input line 80.
LaTeX Font Info:    Checking defaults for OMS/cmsy/m/n on input line 80.
LaTeX Font Info:    ... okay on input line 80.
LaTeX Font Info:    Checking defaults for OT1/cmr/m/n on input line 80.
LaTeX Font Info:    ... okay on input line 80.
LaTeX Font Info:    Checking defaults for T1/cmr/m/n on input line 80.
LaTeX Font Info:    ... okay on input line 80.
LaTeX Font Info:    Checking defaults for TS1/cmr/m/n on input line 80.
LaTeX Font Info:    Trying to load font information for TS1+cmr on input line 8
0.

(D:/GÖRKEM_YEDEK/PROGRAMLAR/LATEX/MiKTeX/tex/latex/base/ts1cmr.fd
File: ts1cmr.fd 2022/07/10 v2.5l Standard LaTeX font definitions
)
LaTeX Font Info:    ... okay on input line 80.
LaTeX Font Info:    Checking defaults for TU/lmr/m/n on input line 80.
LaTeX Font Info:    ... okay on input line 80.
LaTeX Font Info:    Checking defaults for OMX/cmex/m/n on input line 80.
LaTeX Font Info:    ... okay on input line 80.
LaTeX Font Info:    Checking defaults for U/cmr/m/n on input line 80.
LaTeX Font Info:    ... okay on input line 80.
LaTeX Font Info:    Checking defaults for PD1/pdf/m/n on input line 80.
LaTeX Font Info:    ... okay on input line 80.
LaTeX Font Info:    Checking defaults for PU/pdf/m/n on input line 80.
LaTeX Font Info:    ... okay on input line 80.
Package hyperref Info: Link coloring OFF on input line 80.

(./manuscript.out) (./manuscript.out)
\@outlinefile=\write4

\openout4 = manuscript.out

*geometry* driver: auto-detecting
*geometry* detected driver: luatex
*geometry* verbose mode - [ preamble ] result:
* driver: luatex
* paper: a0paper
* layout: <same size as paper>
* layoutoffset:(h,v)=(0.0pt,0.0pt)
* modes: 
* h-part:(L,W,R)=(142.26378pt, 2108.34921pt, 142.26378pt)
* v-part:(T,H,B)=(128.0374pt, 3126.95787pt, 128.0374pt)
* \paperwidth=2392.87677pt
* \paperheight=3383.03267pt
* \textwidth=2236.38661pt
* \textheight=3126.95787pt
* \oddsidemargin=69.99379pt
* \evensidemargin=69.99379pt
* \topmargin=55.76741pt
* \headheight=0.0pt
* \headsep=0.0pt
* \topskip=0.0pt
* \footskip=30.0pt
* \marginparwidth=65.0pt
* \marginparsep=11.0pt
* \columnsep=74.64001pt
* \skip\footins=9.0pt plus 4.0pt minus 2.0pt
* \hoffset=-72.26999pt
* \voffset=-72.26999pt
* \mag=1000
* \@twocolumnfalse
* \@twosidefalse
* \@mparswitchfalse
* \@reversemarginfalse
* (1in=72.27pt=25.4mm, 1cm=28.453pt)

(D:/GÖRKEM_YEDEK/PROGRAMLAR/LATEX/MiKTeX/tex/context/base/mkii/supp-pdf.mkii
[Loading MPS to PDF converter (version 2006.09.02).]
\scratchcounter=\count373
\scratchdimen=\dimen331
\scratchbox=\box124
\nofMPsegments=\count374
\nofMParguments=\count375
\everyMPshowfont=\toks49
\MPscratchCnt=\count376
\MPscratchDim=\dimen332
\MPnumerator=\count377
\makeMPintoPDFobject=\count378
\everyMPtoPDFconversion=\toks50
)
(D:/GÖRKEM_YEDEK/PROGRAMLAR/LATEX/MiKTeX/tex/latex/epstopdf-pkg/epstopdf-base.
sty
Package: epstopdf-base 2020-01-24 v2.11 Base part for package epstopdf
Package epstopdf-base Info: Redefining graphics rule for `.eps' on input line 4
85.

(D:/GÖRKEM_YEDEK/PROGRAMLAR/LATEX/MiKTeX/tex/latex/00miktex/epstopdf-sys.cfg
File: epstopdf-sys.cfg 2021/03/18 v2.0 Configuration of epstopdf for MiKTeX
))
Package caption Info: Begin \AtBeginDocument code.
Package caption Info: wrapfig package is loaded.
Package caption Info: End \AtBeginDocument code.

Package fontspec Info: Adjusting the maths setup (use [no-math] to avoid
(fontspec)             this).

\symlegacymaths=\mathgroup6
LaTeX Font Info:    Overwriting symbol font `legacymaths' in version `bold'
(Font)                  OT1/cmr/m/n --> OT1/cmr/bx/n on input line 80.
LaTeX Font Info:    Redeclaring math accent \acute on input line 80.
LaTeX Font Info:    Redeclaring math accent \grave on input line 80.
LaTeX Font Info:    Redeclaring math accent \ddot on input line 80.
LaTeX Font Info:    Redeclaring math accent \tilde on input line 80.
LaTeX Font Info:    Redeclaring math accent \bar on input line 80.
LaTeX Font Info:    Redeclaring math accent \breve on input line 80.
LaTeX Font Info:    Redeclaring math accent \check on input line 80.
LaTeX Font Info:    Redeclaring math accent \hat on input line 80.
LaTeX Font Info:    Redeclaring math accent \dot on input line 80.
LaTeX Font Info:    Redeclaring math accent \mathring on input line 80.
LaTeX Font Info:    Redeclaring math symbol \Gamma on input line 80.
LaTeX Font Info:    Redeclaring math symbol \Delta on input line 80.
LaTeX Font Info:    Redeclaring math symbol \Theta on input line 80.
LaTeX Font Info:    Redeclaring math symbol \Lambda on input line 80.
LaTeX Font Info:    Redeclaring math symbol \Xi on input line 80.
LaTeX Font Info:    Redeclaring math symbol \Pi on input line 80.
LaTeX Font Info:    Redeclaring math symbol \Sigma on input line 80.
LaTeX Font Info:    Redeclaring math symbol \Upsilon on input line 80.
LaTeX Font Info:    Redeclaring math symbol \Phi on input line 80.
LaTeX Font Info:    Redeclaring math symbol \Psi on input line 80.
LaTeX Font Info:    Redeclaring math symbol \Omega on input line 80.
LaTeX Font Info:    Redeclaring math symbol \mathdollar on input line 80.
LaTeX Font Info:    Redeclaring symbol font `operators' on input line 80.
LaTeX Font Info:    Encoding `OT1' has changed to `TU' for symbol font
(Font)              `operators' in the math version `normal' on input line 80.
LaTeX Font Info:    Overwriting symbol font `operators' in version `normal'
(Font)                  OT1/cmr/m/n --> TU/TheSans(0)/m/n on input line 80.
LaTeX Font Info:    Encoding `OT1' has changed to `TU' for symbol font
(Font)              `operators' in the math version `bold' on input line 80.
LaTeX Font Info:    Overwriting symbol font `operators' in version `bold'
(Font)                  OT1/cmr/bx/n --> TU/TheSans(0)/m/n on input line 80.
LaTeX Font Info:    Overwriting symbol font `operators' in version `normal'
(Font)                  TU/TheSans(0)/m/n --> TU/TheSans(0)/m/n on input line 8
0.
LaTeX Font Info:    Overwriting math alphabet `\mathit' in version `normal'
(Font)                  OT1/cmr/m/it --> TU/TheSans(0)/m/it on input line 80.
LaTeX Font Info:    Overwriting math alphabet `\mathbf' in version `normal'
(Font)                  OT1/cmr/bx/n --> TU/TheSans(0)/b/n on input line 80.
LaTeX Font Info:    Overwriting math alphabet `\mathsf' in version `normal'
(Font)                  OT1/cmss/m/n --> TU/lmss/m/n on input line 80.
LaTeX Font Info:    Overwriting math alphabet `\mathtt' in version `normal'
(Font)                  OT1/cmtt/m/n --> TU/lmtt/m/n on input line 80.
LaTeX Font Info:    Overwriting symbol font `operators' in version `bold'
(Font)                  TU/TheSans(0)/m/n --> TU/TheSans(0)/b/n on input line 8
0.
LaTeX Font Info:    Overwriting math alphabet `\mathit' in version `bold'
(Font)                  OT1/cmr/bx/it --> TU/TheSans(0)/b/it on input line 80.
LaTeX Font Info:    Overwriting math alphabet `\mathsf' in version `bold'
(Font)                  OT1/cmss/bx/n --> TU/lmss/b/n on input line 80.
LaTeX Font Info:    Overwriting math alphabet `\mathtt' in version `bold'
(Font)                  OT1/cmtt/m/n --> TU/lmtt/b/n on input line 80.

warning  (file figures//hu.pdf) (pdf inclusion): PDF inclusion: found PDF versio
n '1.7', but at most version '1.5' allowed
<figures//hu.pdf, id=26, 845.07724pt x 597.55246pt>
File: figures//hu.pdf Graphic file (type pdf)
<use figures//hu.pdf>
Package luatex.def Info: figures//hu.pdf  used on input line 113.
(luatex.def)             Requested size: 402.39587pt x 284.52756pt.

Overfull \hbox (66.95154pt too wide) in paragraph at lines 113--114
[][] 
 []

LaTeX Font Info:    Trying to load font information for U+msa on input line 114
.
(D:/GÖRKEM_YEDEK/PROGRAMLAR/LATEX/MiKTeX/tex/latex/amsfonts/umsa.fd
File: umsa.fd 2013/01/14 v3.01 AMS symbols A
)
LaTeX Font Info:    Trying to load font information for U+msb on input line 114
.

(D:/GÖRKEM_YEDEK/PROGRAMLAR/LATEX/MiKTeX/tex/latex/amsfonts/umsb.fd
File: umsb.fd 2013/01/14 v3.01 AMS symbols B
)
<figures//au.pdf, id=27, 910.48857pt x 910.48857pt>
File: figures//au.pdf Graphic file (type pdf)
<use figures//au.pdf>
Package luatex.def Info: figures//au.pdf  used on input line 116.
(luatex.def)             Requested size: 284.52698pt x 284.52756pt.
<figures//dtu.pdf, id=28, 597.50829pt x 845.04709pt>
File: figures//dtu.pdf Graphic file (type pdf)
<use figures//dtu.pdf>
Package luatex.def Info: figures//dtu.pdf  used on input line 119.
(luatex.def)             Requested size: 201.1808pt x 284.52756pt.
<figures//LIRI_WissPoster_Wasserzeichen.png, id=29, 723.20187pt x 398.99063pt>
File: figures//LIRI_WissPoster_Wasserzeichen.png Graphic file (type png)
<use figures//LIRI_WissPoster_Wasserzeichen.png>
Package luatex.def Info: figures//LIRI_WissPoster_Wasserzeichen.png  used on in
put line 144.
(luatex.def)             Requested size: 697.75418pt x 384.95657pt.
<figures//Gungor_photo.jpg, id=30, 100.375pt x 100.375pt>
File: figures//Gungor_photo.jpg Graphic file (type jpg)
<use figures//Gungor_photo.jpg>
Package luatex.def Info: figures//Gungor_photo.jpg  used on input line 145.
(luatex.def)             Requested size: 200.74948pt x 200.74948pt.

Underfull \hbox (badness 10000) in paragraph at lines 167--168
[]\TU/TheSans(0)/m/n/35.83 Fi-nal re-new-able en-ergy in-cludes so-lar,
 []


warning  (file figures//Figure_1.jpg) (readjpg): Bad Exif resolution 0dpi x 0dpi
 (zero or negative value of a signed integer)
<figures//Figure_1.jpg, id=31, 303.63437pt x 151.56625pt>
File: figures//Figure_1.jpg Graphic file (type jpg)
<use figures//Figure_1.jpg>
Package luatex.def Info: figures//Figure_1.jpg  used on input line 191.
(luatex.def)             Requested size: 695.7022pt x 347.28372pt.

Package caption Warning: The option `hypcap=true' will be ignored for this
(caption)                particular \caption on input line 192.
See the caption package documentation for explanation.

<figures//Figure_2.jpg, id=32, 632.3625pt x 328.8285pt>
File: figures//Figure_2.jpg Graphic file (type jpg)
<use figures//Figure_2.jpg>
Package luatex.def Info: figures//Figure_2.jpg  used on input line 198.
(luatex.def)             Requested size: 695.7022pt x 361.79274pt.

Package caption Warning: The option `hypcap=true' will be ignored for this
(caption)                particular \caption on input line 199.
See the caption package documentation for explanation.


Underfull \hbox (badness 6412) in paragraph at lines 203--204
\TU/TheSans(0)/m/n/35.83 Gun-gor (2020) sce-nar-ios com-bine car-bon
 []

No file manuscript.bbl.
[1


Non-PDF special ignored!{C:/Users/ggungor/AppData/Local/MiKTeX/fonts/map/pdftex/
pdftex.map}<./figures//hu.pdf><./figures//au.pdf><./figures//dtu.pdf><./figures/
/LIRI_WissPoster_Wasserzeichen.png><./figures//Gungor_photo.jpg><./figures//Figu
re_1.jpg
warning  (readjpg): Bad Exif resolution 0dpi x 0dpi (zero or negative value of a
 signed integer)
><./figures//Figure_2.jpg>] (./manuscript.aux)
Package rerunfilecheck Info: File `manuscript.out' has not changed.
(rerunfilecheck)             Checksum: 9FD48A332F45C81E7B4364739E2BF497;642.
)

Here is how much of LuaTeX's memory you used:
 30380 strings out of 478278
 156265,1977958 words of node,token memory allocated
 549 words of node memory still in use:
   7 hlist, 2 vlist, 2 rule, 2 glue, 4 kern, 1 glyph, 9 attribute, 59 glue_spec,
 9 attribute_list, 2 write, 1 pdf_action nodes
   avail lists: 2:863,3:713,4:255,5:2159,6:147,7:13241,8:3,9:1019,10:15,11:1029
 49366 multiletter control sequences out of 65536+600000
 52 fonts using 5415239 bytes
 87i,9n,86p,608b,695s stack positions out of 10000i,1000n,20000p,200000b,200000s
<//?/d:/gÖrkem_yedek/programlar/latex/miktex/fonts/opentype/public/lm/lmmono12-
regular.otf><./font/TheSans-LP5Plain.otf><./font/TheSans-LP7Bld.otf>
Output written on manuscript.pdf (1 page, 1258457 bytes).

PDF statistics: 102 PDF objects out of 1000 (max. 8388607)
 9 named destinations out of 1000 (max. 131072)
 56 words of extra memory for PDF output out of 10000 (max. 100000000)

